09-Aug-2025 23:23:19.636 INFO [main] org.apache.catalina.startup.VersionLoggerListener.log Server version name:   Apache Tomcat/11.0.10
09-Aug-2025 23:23:19.638 INFO [main] org.apache.catalina.startup.VersionLoggerListener.log Server built:          Jul 31 2025 16:29:14 UTC
09-Aug-2025 23:23:19.639 INFO [main] org.apache.catalina.startup.VersionLoggerListener.log Server version number: 11.0.10.0
09-Aug-2025 23:23:19.639 INFO [main] org.apache.catalina.startup.VersionLoggerListener.log OS Name:               Mac OS X
09-Aug-2025 23:23:19.639 INFO [main] org.apache.catalina.startup.VersionLoggerListener.log OS Version:            15.5
09-Aug-2025 23:23:19.639 INFO [main] org.apache.catalina.startup.VersionLoggerListener.log Architecture:          aarch64
09-Aug-2025 23:23:19.639 INFO [main] org.apache.catalina.startup.VersionLoggerListener.log Java Home:             /Library/Java/JavaVirtualMachines/jdk-21.jdk/Contents/Home
09-Aug-2025 23:23:19.639 INFO [main] org.apache.catalina.startup.VersionLoggerListener.log JVM Version:           21.0.7+8-LTS-245
09-Aug-2025 23:23:19.639 INFO [main] org.apache.catalina.startup.VersionLoggerListener.log JVM Vendor:            Oracle Corporation
09-Aug-2025 23:23:19.639 INFO [main] org.apache.catalina.startup.VersionLoggerListener.log CATALINA_BASE:         /Users/rigelsmacbook/IdeaProjects/TomCat
09-Aug-2025 23:23:19.639 INFO [main] org.apache.catalina.startup.VersionLoggerListener.log CATALINA_HOME:         /usr/local/tomcat
09-Aug-2025 23:23:19.646 INFO [main] org.apache.catalina.startup.VersionLoggerListener.log Command line argument: --add-opens=java.base/java.lang=ALL-UNNAMED
09-Aug-2025 23:23:19.646 INFO [main] org.apache.catalina.startup.VersionLoggerListener.log Command line argument: --add-opens=java.base/java.io=ALL-UNNAMED
09-Aug-2025 23:23:19.646 INFO [main] org.apache.catalina.startup.VersionLoggerListener.log Command line argument: --add-opens=java.base/java.util=ALL-UNNAMED
09-Aug-2025 23:23:19.646 INFO [main] org.apache.catalina.startup.VersionLoggerListener.log Command line argument: --add-opens=java.base/java.util.concurrent=ALL-UNNAMED
09-Aug-2025 23:23:19.646 INFO [main] org.apache.catalina.startup.VersionLoggerListener.log Command line argument: --add-opens=java.rmi/sun.rmi.transport=ALL-UNNAMED
09-Aug-2025 23:23:19.647 INFO [main] org.apache.catalina.startup.VersionLoggerListener.log Command line argument: -Dcatalina.home=/usr/local/tomcat
09-Aug-2025 23:23:19.647 INFO [main] org.apache.catalina.startup.VersionLoggerListener.log Command line argument: -Dcatalina.base=/Users/rigelsmacbook/IdeaProjects/TomCat
09-Aug-2025 23:23:19.647 INFO [main] org.apache.catalina.startup.VersionLoggerListener.log Command line argument: -Djava.io.tmpdir=/Users/rigelsmacbook/IdeaProjects/TomCat/temp
09-Aug-2025 23:23:19.647 INFO [main] org.apache.catalina.startup.VersionLoggerListener.log Command line argument: -Djava.util.logging.config.file=/Users/rigelsmacbook/IdeaProjects/TomCat/conf/logging.properties
09-Aug-2025 23:23:19.647 INFO [main] org.apache.catalina.startup.VersionLoggerListener.log Command line argument: -Djava.util.logging.manager=org.apache.juli.ClassLoaderLogManager
09-Aug-2025 23:23:19.647 INFO [main] org.apache.catalina.startup.VersionLoggerListener.log Command line argument: -javaagent:/Applications/IntelliJ IDEA.app/Contents/lib/idea_rt.jar=51443
09-Aug-2025 23:23:19.647 INFO [main] org.apache.catalina.startup.VersionLoggerListener.log Command line argument: -Dfile.encoding=UTF-8
09-Aug-2025 23:23:19.647 INFO [main] org.apache.catalina.startup.VersionLoggerListener.log Command line argument: -Dsun.stdout.encoding=UTF-8
09-Aug-2025 23:23:19.647 INFO [main] org.apache.catalina.startup.VersionLoggerListener.log Command line argument: -Dsun.stderr.encoding=UTF-8
09-Aug-2025 23:23:19.652 INFO [main] org.apache.catalina.core.AprLifecycleListener.lifecycleEvent The Apache Tomcat Native library which allows using OpenSSL was not found on the java.library.path: [/Users/rigelsmacbook/Library/Java/Extensions:/Library/Java/Extensions:/Network/Library/Java/Extensions:/System/Library/Java/Extensions:/usr/lib/java:.]
09-Aug-2025 23:23:19.826 INFO [main] org.apache.coyote.AbstractProtocol.init Initializing ProtocolHandler ["http-nio-8081"]
09-Aug-2025 23:23:19.839 INFO [main] org.apache.catalina.startup.Catalina.load Server initialization in [281] milliseconds
09-Aug-2025 23:23:19.856 INFO [main] org.apache.catalina.core.StandardService.startInternal Starting service [Catalina]
09-Aug-2025 23:23:19.857 INFO [main] org.apache.catalina.core.StandardEngine.startInternal Starting Servlet engine: [Apache Tomcat/11.0.10]
09-Aug-2025 23:23:19.860 INFO [main] org.apache.catalina.startup.HostConfig.deployDescriptor Deploying deployment descriptor [/Users/rigelsmacbook/IdeaProjects/TomCat/conf/Catalina/localhost/TomCat.xml]
09-Aug-2025 23:23:20.014 INFO [main] org.apache.catalina.startup.HostConfig.deployDescriptor Deployment of deployment descriptor [/Users/rigelsmacbook/IdeaProjects/TomCat/conf/Catalina/localhost/TomCat.xml] has finished in [154] ms
09-Aug-2025 23:23:20.015 INFO [main] org.apache.coyote.AbstractProtocol.start Starting ProtocolHandler ["http-nio-8081"]
09-Aug-2025 23:23:20.024 INFO [main] org.apache.catalina.startup.Catalina.start Server startup in [184] milliseconds
09-Aug-2025 23:25:05.982 INFO [Thread-1] org.apache.coyote.AbstractProtocol.pause Pausing ProtocolHandler ["http-nio-8081"]
09-Aug-2025 23:25:06.988 INFO [Thread-1] org.apache.catalina.core.StandardService.stopInternal Stopping service [Catalina]
09-Aug-2025 23:25:07.012 INFO [Thread-1] org.apache.coyote.AbstractProtocol.stop Stopping ProtocolHandler ["http-nio-8081"]
09-Aug-2025 23:25:07.618 WARNING [Thread-1] org.apache.tomcat.util.net.Acceptor.stopMillis The acceptor thread [http-nio-8081-Acceptor] did not stop cleanly
09-Aug-2025 23:25:07.628 INFO [Thread-1] org.apache.coyote.AbstractProtocol.destroy Destroying ProtocolHandler ["http-nio-8081"]
09-Aug-2025 23:25:08.575 INFO [main] org.apache.catalina.startup.VersionLoggerListener.log Server version name:   Apache Tomcat/11.0.10
09-Aug-2025 23:25:08.577 INFO [main] org.apache.catalina.startup.VersionLoggerListener.log Server built:          Jul 31 2025 16:29:14 UTC
09-Aug-2025 23:25:08.577 INFO [main] org.apache.catalina.startup.VersionLoggerListener.log Server version number: 11.0.10.0
09-Aug-2025 23:25:08.577 INFO [main] org.apache.catalina.startup.VersionLoggerListener.log OS Name:               Mac OS X
09-Aug-2025 23:25:08.577 INFO [main] org.apache.catalina.startup.VersionLoggerListener.log OS Version:            15.5
09-Aug-2025 23:25:08.577 INFO [main] org.apache.catalina.startup.VersionLoggerListener.log Architecture:          aarch64
09-Aug-2025 23:25:08.577 INFO [main] org.apache.catalina.startup.VersionLoggerListener.log Java Home:             /Library/Java/JavaVirtualMachines/jdk-21.jdk/Contents/Home
09-Aug-2025 23:25:08.577 INFO [main] org.apache.catalina.startup.VersionLoggerListener.log JVM Version:           21.0.7+8-LTS-245
09-Aug-2025 23:25:08.577 INFO [main] org.apache.catalina.startup.VersionLoggerListener.log JVM Vendor:            Oracle Corporation
09-Aug-2025 23:25:08.577 INFO [main] org.apache.catalina.startup.VersionLoggerListener.log CATALINA_BASE:         /Users/rigelsmacbook/IdeaProjects/TomCat
09-Aug-2025 23:25:08.577 INFO [main] org.apache.catalina.startup.VersionLoggerListener.log CATALINA_HOME:         /usr/local/tomcat
09-Aug-2025 23:25:08.583 INFO [main] org.apache.catalina.startup.VersionLoggerListener.log Command line argument: --add-opens=java.base/java.lang=ALL-UNNAMED
09-Aug-2025 23:25:08.583 INFO [main] org.apache.catalina.startup.VersionLoggerListener.log Command line argument: --add-opens=java.base/java.io=ALL-UNNAMED
09-Aug-2025 23:25:08.583 INFO [main] org.apache.catalina.startup.VersionLoggerListener.log Command line argument: --add-opens=java.base/java.util=ALL-UNNAMED
09-Aug-2025 23:25:08.583 INFO [main] org.apache.catalina.startup.VersionLoggerListener.log Command line argument: --add-opens=java.base/java.util.concurrent=ALL-UNNAMED
09-Aug-2025 23:25:08.583 INFO [main] org.apache.catalina.startup.VersionLoggerListener.log Command line argument: --add-opens=java.rmi/sun.rmi.transport=ALL-UNNAMED
09-Aug-2025 23:25:08.583 INFO [main] org.apache.catalina.startup.VersionLoggerListener.log Command line argument: -Dcatalina.home=/usr/local/tomcat
09-Aug-2025 23:25:08.583 INFO [main] org.apache.catalina.startup.VersionLoggerListener.log Command line argument: -Dcatalina.base=/Users/rigelsmacbook/IdeaProjects/TomCat
09-Aug-2025 23:25:08.583 INFO [main] org.apache.catalina.startup.VersionLoggerListener.log Command line argument: -Djava.io.tmpdir=/Users/rigelsmacbook/IdeaProjects/TomCat/temp
09-Aug-2025 23:25:08.583 INFO [main] org.apache.catalina.startup.VersionLoggerListener.log Command line argument: -Djava.util.logging.config.file=/Users/rigelsmacbook/IdeaProjects/TomCat/conf/logging.properties
09-Aug-2025 23:25:08.583 INFO [main] org.apache.catalina.startup.VersionLoggerListener.log Command line argument: -Djava.util.logging.manager=org.apache.juli.ClassLoaderLogManager
09-Aug-2025 23:25:08.583 INFO [main] org.apache.catalina.startup.VersionLoggerListener.log Command line argument: -javaagent:/Applications/IntelliJ IDEA.app/Contents/lib/idea_rt.jar=51449
09-Aug-2025 23:25:08.583 INFO [main] org.apache.catalina.startup.VersionLoggerListener.log Command line argument: -Dfile.encoding=UTF-8
09-Aug-2025 23:25:08.583 INFO [main] org.apache.catalina.startup.VersionLoggerListener.log Command line argument: -Dsun.stdout.encoding=UTF-8
09-Aug-2025 23:25:08.583 INFO [main] org.apache.catalina.startup.VersionLoggerListener.log Command line argument: -Dsun.stderr.encoding=UTF-8
09-Aug-2025 23:25:08.588 INFO [main] org.apache.catalina.core.AprLifecycleListener.lifecycleEvent The Apache Tomcat Native library which allows using OpenSSL was not found on the java.library.path: [/Users/rigelsmacbook/Library/Java/Extensions:/Library/Java/Extensions:/Network/Library/Java/Extensions:/System/Library/Java/Extensions:/usr/lib/java:.]
09-Aug-2025 23:25:08.745 INFO [main] org.apache.coyote.AbstractProtocol.init Initializing ProtocolHandler ["http-nio-8081"]
09-Aug-2025 23:25:08.754 INFO [main] org.apache.catalina.startup.Catalina.load Server initialization in [255] milliseconds
09-Aug-2025 23:25:08.772 INFO [main] org.apache.catalina.core.StandardService.startInternal Starting service [Catalina]
09-Aug-2025 23:25:08.772 INFO [main] org.apache.catalina.core.StandardEngine.startInternal Starting Servlet engine: [Apache Tomcat/11.0.10]
09-Aug-2025 23:25:08.775 INFO [main] org.apache.catalina.startup.HostConfig.deployDescriptor Deploying deployment descriptor [/Users/rigelsmacbook/IdeaProjects/TomCat/conf/Catalina/localhost/TomCat.xml]
09-Aug-2025 23:25:08.916 INFO [main] org.apache.catalina.startup.HostConfig.deployDescriptor Deployment of deployment descriptor [/Users/rigelsmacbook/IdeaProjects/TomCat/conf/Catalina/localhost/TomCat.xml] has finished in [141] ms
09-Aug-2025 23:25:08.917 INFO [main] org.apache.coyote.AbstractProtocol.start Starting ProtocolHandler ["http-nio-8081"]
09-Aug-2025 23:25:08.924 INFO [main] org.apache.catalina.startup.Catalina.start Server startup in [169] milliseconds
09-Aug-2025 23:27:54.966 INFO [Thread-1] org.apache.coyote.AbstractProtocol.pause Pausing ProtocolHandler ["http-nio-8081"]
09-Aug-2025 23:27:55.970 INFO [Thread-1] org.apache.catalina.core.StandardService.stopInternal Stopping service [Catalina]
09-Aug-2025 23:27:55.993 INFO [Thread-1] org.apache.coyote.AbstractProtocol.stop Stopping ProtocolHandler ["http-nio-8081"]
09-Aug-2025 23:27:56.599 WARNING [Thread-1] org.apache.tomcat.util.net.Acceptor.stopMillis The acceptor thread [http-nio-8081-Acceptor] did not stop cleanly
09-Aug-2025 23:27:56.609 INFO [Thread-1] org.apache.coyote.AbstractProtocol.destroy Destroying ProtocolHandler ["http-nio-8081"]
09-Aug-2025 23:27:58.128 INFO [main] org.apache.catalina.startup.VersionLoggerListener.log Server version name:   Apache Tomcat/11.0.10
09-Aug-2025 23:27:58.131 INFO [main] org.apache.catalina.startup.VersionLoggerListener.log Server built:          Jul 31 2025 16:29:14 UTC
09-Aug-2025 23:27:58.131 INFO [main] org.apache.catalina.startup.VersionLoggerListener.log Server version number: 11.0.10.0
09-Aug-2025 23:27:58.131 INFO [main] org.apache.catalina.startup.VersionLoggerListener.log OS Name:               Mac OS X
09-Aug-2025 23:27:58.131 INFO [main] org.apache.catalina.startup.VersionLoggerListener.log OS Version:            15.5
09-Aug-2025 23:27:58.131 INFO [main] org.apache.catalina.startup.VersionLoggerListener.log Architecture:          aarch64
09-Aug-2025 23:27:58.131 INFO [main] org.apache.catalina.startup.VersionLoggerListener.log Java Home:             /Library/Java/JavaVirtualMachines/jdk-21.jdk/Contents/Home
09-Aug-2025 23:27:58.131 INFO [main] org.apache.catalina.startup.VersionLoggerListener.log JVM Version:           21.0.7+8-LTS-245
09-Aug-2025 23:27:58.131 INFO [main] org.apache.catalina.startup.VersionLoggerListener.log JVM Vendor:            Oracle Corporation
09-Aug-2025 23:27:58.131 INFO [main] org.apache.catalina.startup.VersionLoggerListener.log CATALINA_BASE:         /Users/rigelsmacbook/IdeaProjects/TomCat
09-Aug-2025 23:27:58.131 INFO [main] org.apache.catalina.startup.VersionLoggerListener.log CATALINA_HOME:         /usr/local/tomcat
09-Aug-2025 23:27:58.139 INFO [main] org.apache.catalina.startup.VersionLoggerListener.log Command line argument: --add-opens=java.base/java.lang=ALL-UNNAMED
09-Aug-2025 23:27:58.139 INFO [main] org.apache.catalina.startup.VersionLoggerListener.log Command line argument: --add-opens=java.base/java.io=ALL-UNNAMED
09-Aug-2025 23:27:58.139 INFO [main] org.apache.catalina.startup.VersionLoggerListener.log Command line argument: --add-opens=java.base/java.util=ALL-UNNAMED
09-Aug-2025 23:27:58.139 INFO [main] org.apache.catalina.startup.VersionLoggerListener.log Command line argument: --add-opens=java.base/java.util.concurrent=ALL-UNNAMED
09-Aug-2025 23:27:58.139 INFO [main] org.apache.catalina.startup.VersionLoggerListener.log Command line argument: --add-opens=java.rmi/sun.rmi.transport=ALL-UNNAMED
09-Aug-2025 23:27:58.139 INFO [main] org.apache.catalina.startup.VersionLoggerListener.log Command line argument: -Dcatalina.home=/usr/local/tomcat
09-Aug-2025 23:27:58.139 INFO [main] org.apache.catalina.startup.VersionLoggerListener.log Command line argument: -Dcatalina.base=/Users/rigelsmacbook/IdeaProjects/TomCat
09-Aug-2025 23:27:58.139 INFO [main] org.apache.catalina.startup.VersionLoggerListener.log Command line argument: -Djava.io.tmpdir=/Users/rigelsmacbook/IdeaProjects/TomCat/temp
09-Aug-2025 23:27:58.139 INFO [main] org.apache.catalina.startup.VersionLoggerListener.log Command line argument: -Djava.util.logging.config.file=/Users/rigelsmacbook/IdeaProjects/TomCat/conf/logging.properties
09-Aug-2025 23:27:58.139 INFO [main] org.apache.catalina.startup.VersionLoggerListener.log Command line argument: -Djava.util.logging.manager=org.apache.juli.ClassLoaderLogManager
09-Aug-2025 23:27:58.139 INFO [main] org.apache.catalina.startup.VersionLoggerListener.log Command line argument: -javaagent:/Applications/IntelliJ IDEA.app/Contents/lib/idea_rt.jar=51467
09-Aug-2025 23:27:58.139 INFO [main] org.apache.catalina.startup.VersionLoggerListener.log Command line argument: -Dfile.encoding=UTF-8
09-Aug-2025 23:27:58.139 INFO [main] org.apache.catalina.startup.VersionLoggerListener.log Command line argument: -Dsun.stdout.encoding=UTF-8
09-Aug-2025 23:27:58.139 INFO [main] org.apache.catalina.startup.VersionLoggerListener.log Command line argument: -Dsun.stderr.encoding=UTF-8
09-Aug-2025 23:27:58.145 INFO [main] org.apache.catalina.core.AprLifecycleListener.lifecycleEvent The Apache Tomcat Native library which allows using OpenSSL was not found on the java.library.path: [/Users/rigelsmacbook/Library/Java/Extensions:/Library/Java/Extensions:/Network/Library/Java/Extensions:/System/Library/Java/Extensions:/usr/lib/java:.]
09-Aug-2025 23:27:58.292 INFO [main] org.apache.coyote.AbstractProtocol.init Initializing ProtocolHandler ["http-nio-8081"]
09-Aug-2025 23:27:58.300 INFO [main] org.apache.catalina.startup.Catalina.load Server initialization in [262] milliseconds
09-Aug-2025 23:27:58.316 INFO [main] org.apache.catalina.core.StandardService.startInternal Starting service [Catalina]
09-Aug-2025 23:27:58.316 INFO [main] org.apache.catalina.core.StandardEngine.startInternal Starting Servlet engine: [Apache Tomcat/11.0.10]
09-Aug-2025 23:27:58.320 INFO [main] org.apache.catalina.startup.HostConfig.deployDescriptor Deploying deployment descriptor [/Users/rigelsmacbook/IdeaProjects/TomCat/conf/Catalina/localhost/TomCat.xml]
09-Aug-2025 23:27:58.456 INFO [main] org.apache.catalina.startup.HostConfig.deployDescriptor Deployment of deployment descriptor [/Users/rigelsmacbook/IdeaProjects/TomCat/conf/Catalina/localhost/TomCat.xml] has finished in [136] ms
09-Aug-2025 23:27:58.457 INFO [main] org.apache.coyote.AbstractProtocol.start Starting ProtocolHandler ["http-nio-8081"]
09-Aug-2025 23:27:58.464 INFO [main] org.apache.catalina.startup.Catalina.start Server startup in [164] milliseconds
09-Aug-2025 23:30:14.262 INFO [Thread-1] org.apache.coyote.AbstractProtocol.pause Pausing ProtocolHandler ["http-nio-8081"]
09-Aug-2025 23:30:15.268 INFO [Thread-1] org.apache.catalina.core.StandardService.stopInternal Stopping service [Catalina]
09-Aug-2025 23:30:15.294 INFO [Thread-1] org.apache.coyote.AbstractProtocol.stop Stopping ProtocolHandler ["http-nio-8081"]
09-Aug-2025 23:30:15.900 WARNING [Thread-1] org.apache.tomcat.util.net.Acceptor.stopMillis The acceptor thread [http-nio-8081-Acceptor] did not stop cleanly
09-Aug-2025 23:30:15.913 INFO [Thread-1] org.apache.coyote.AbstractProtocol.destroy Destroying ProtocolHandler ["http-nio-8081"]
09-Aug-2025 23:30:16.828 INFO [main] org.apache.catalina.startup.VersionLoggerListener.log Server version name:   Apache Tomcat/11.0.10
09-Aug-2025 23:30:16.830 INFO [main] org.apache.catalina.startup.VersionLoggerListener.log Server built:          Jul 31 2025 16:29:14 UTC
09-Aug-2025 23:30:16.830 INFO [main] org.apache.catalina.startup.VersionLoggerListener.log Server version number: 11.0.10.0
09-Aug-2025 23:30:16.830 INFO [main] org.apache.catalina.startup.VersionLoggerListener.log OS Name:               Mac OS X
09-Aug-2025 23:30:16.830 INFO [main] org.apache.catalina.startup.VersionLoggerListener.log OS Version:            15.5
09-Aug-2025 23:30:16.830 INFO [main] org.apache.catalina.startup.VersionLoggerListener.log Architecture:          aarch64
09-Aug-2025 23:30:16.830 INFO [main] org.apache.catalina.startup.VersionLoggerListener.log Java Home:             /Library/Java/JavaVirtualMachines/jdk-21.jdk/Contents/Home
09-Aug-2025 23:30:16.830 INFO [main] org.apache.catalina.startup.VersionLoggerListener.log JVM Version:           21.0.7+8-LTS-245
09-Aug-2025 23:30:16.830 INFO [main] org.apache.catalina.startup.VersionLoggerListener.log JVM Vendor:            Oracle Corporation
09-Aug-2025 23:30:16.831 INFO [main] org.apache.catalina.startup.VersionLoggerListener.log CATALINA_BASE:         /Users/rigelsmacbook/IdeaProjects/TomCat
09-Aug-2025 23:30:16.831 INFO [main] org.apache.catalina.startup.VersionLoggerListener.log CATALINA_HOME:         /usr/local/tomcat
09-Aug-2025 23:30:16.837 INFO [main] org.apache.catalina.startup.VersionLoggerListener.log Command line argument: --add-opens=java.base/java.lang=ALL-UNNAMED
09-Aug-2025 23:30:16.837 INFO [main] org.apache.catalina.startup.VersionLoggerListener.log Command line argument: --add-opens=java.base/java.io=ALL-UNNAMED
09-Aug-2025 23:30:16.837 INFO [main] org.apache.catalina.startup.VersionLoggerListener.log Command line argument: --add-opens=java.base/java.util=ALL-UNNAMED
09-Aug-2025 23:30:16.837 INFO [main] org.apache.catalina.startup.VersionLoggerListener.log Command line argument: --add-opens=java.base/java.util.concurrent=ALL-UNNAMED
09-Aug-2025 23:30:16.837 INFO [main] org.apache.catalina.startup.VersionLoggerListener.log Command line argument: --add-opens=java.rmi/sun.rmi.transport=ALL-UNNAMED
09-Aug-2025 23:30:16.837 INFO [main] org.apache.catalina.startup.VersionLoggerListener.log Command line argument: -Dcatalina.home=/usr/local/tomcat
09-Aug-2025 23:30:16.837 INFO [main] org.apache.catalina.startup.VersionLoggerListener.log Command line argument: -Dcatalina.base=/Users/rigelsmacbook/IdeaProjects/TomCat
09-Aug-2025 23:30:16.837 INFO [main] org.apache.catalina.startup.VersionLoggerListener.log Command line argument: -Djava.io.tmpdir=/Users/rigelsmacbook/IdeaProjects/TomCat/temp
09-Aug-2025 23:30:16.837 INFO [main] org.apache.catalina.startup.VersionLoggerListener.log Command line argument: -Djava.util.logging.config.file=/Users/rigelsmacbook/IdeaProjects/TomCat/conf/logging.properties
09-Aug-2025 23:30:16.837 INFO [main] org.apache.catalina.startup.VersionLoggerListener.log Command line argument: -Djava.util.logging.manager=org.apache.juli.ClassLoaderLogManager
09-Aug-2025 23:30:16.837 INFO [main] org.apache.catalina.startup.VersionLoggerListener.log Command line argument: -javaagent:/Applications/IntelliJ IDEA.app/Contents/lib/idea_rt.jar=51476
09-Aug-2025 23:30:16.837 INFO [main] org.apache.catalina.startup.VersionLoggerListener.log Command line argument: -Dfile.encoding=UTF-8
09-Aug-2025 23:30:16.837 INFO [main] org.apache.catalina.startup.VersionLoggerListener.log Command line argument: -Dsun.stdout.encoding=UTF-8
09-Aug-2025 23:30:16.837 INFO [main] org.apache.catalina.startup.VersionLoggerListener.log Command line argument: -Dsun.stderr.encoding=UTF-8
09-Aug-2025 23:30:16.843 INFO [main] org.apache.catalina.core.AprLifecycleListener.lifecycleEvent The Apache Tomcat Native library which allows using OpenSSL was not found on the java.library.path: [/Users/rigelsmacbook/Library/Java/Extensions:/Library/Java/Extensions:/Network/Library/Java/Extensions:/System/Library/Java/Extensions:/usr/lib/java:.]
09-Aug-2025 23:30:17.001 INFO [main] org.apache.coyote.AbstractProtocol.init Initializing ProtocolHandler ["http-nio-8081"]
09-Aug-2025 23:30:17.015 INFO [main] org.apache.catalina.startup.Catalina.load Server initialization in [258] milliseconds
09-Aug-2025 23:30:17.032 INFO [main] org.apache.catalina.core.StandardService.startInternal Starting service [Catalina]
09-Aug-2025 23:30:17.033 INFO [main] org.apache.catalina.core.StandardEngine.startInternal Starting Servlet engine: [Apache Tomcat/11.0.10]
09-Aug-2025 23:30:17.037 INFO [main] org.apache.catalina.startup.HostConfig.deployDescriptor Deploying deployment descriptor [/Users/rigelsmacbook/IdeaProjects/TomCat/conf/Catalina/localhost/TomCat.xml]
09-Aug-2025 23:30:17.184 INFO [main] org.apache.catalina.startup.HostConfig.deployDescriptor Deployment of deployment descriptor [/Users/rigelsmacbook/IdeaProjects/TomCat/conf/Catalina/localhost/TomCat.xml] has finished in [147] ms
09-Aug-2025 23:30:17.186 INFO [main] org.apache.coyote.AbstractProtocol.start Starting ProtocolHandler ["http-nio-8081"]
09-Aug-2025 23:30:17.192 INFO [main] org.apache.catalina.startup.Catalina.start Server startup in [176] milliseconds
09-Aug-2025 23:32:41.182 INFO [Thread-1] org.apache.coyote.AbstractProtocol.pause Pausing ProtocolHandler ["http-nio-8081"]
09-Aug-2025 23:32:42.186 INFO [Thread-1] org.apache.catalina.core.StandardService.stopInternal Stopping service [Catalina]
09-Aug-2025 23:32:42.210 INFO [Thread-1] org.apache.coyote.AbstractProtocol.stop Stopping ProtocolHandler ["http-nio-8081"]
09-Aug-2025 23:32:42.815 WARNING [Thread-1] org.apache.tomcat.util.net.Acceptor.stopMillis The acceptor thread [http-nio-8081-Acceptor] did not stop cleanly
09-Aug-2025 23:32:42.824 INFO [Thread-1] org.apache.coyote.AbstractProtocol.destroy Destroying ProtocolHandler ["http-nio-8081"]
